2024-12-10 07:02:30,395 - INFO - Downloading the dataset from Kaggle...
2024-12-10 07:02:31,130 - INFO - Path to dataset files: /home/codespace/.cache/kagglehub/datasets/arnaud58/selfie2anime/versions/1
2024-12-10 07:02:31,133 - INFO - Copying dataset from /home/codespace/.cache/kagglehub/datasets/arnaud58/selfie2anime/versions/1 to /workspaces/CycleGAN...
2024-12-10 07:02:41,275 - INFO - Dataset copied to current working directory.
2024-12-10 07:02:41,280 - INFO - Loading dataset from selfie2anime...
2024-12-10 07:04:29,406 - INFO - Downloading the dataset from Kaggle...
2024-12-10 07:04:30,152 - INFO - Path to dataset files: /home/codespace/.cache/kagglehub/datasets/arnaud58/selfie2anime/versions/1
2024-12-10 07:04:30,155 - INFO - Copying dataset from /home/codespace/.cache/kagglehub/datasets/arnaud58/selfie2anime/versions/1 to /workspaces/CycleGAN...
2024-12-10 07:04:43,976 - INFO - Dataset copied to current working directory.
2024-12-10 07:04:43,979 - INFO - Loading dataset from selfie2anime...
2024-12-10 07:05:36,866 - INFO - Downloading the dataset from Kaggle...
2024-12-10 07:05:37,575 - INFO - Path to dataset files: /home/codespace/.cache/kagglehub/datasets/arnaud58/selfie2anime/versions/1
2024-12-10 07:05:37,578 - INFO - Copying dataset from /home/codespace/.cache/kagglehub/datasets/arnaud58/selfie2anime/versions/1 to /workspaces/CycleGAN...
2024-12-10 07:05:51,490 - INFO - Dataset copied to current working directory.
2024-12-10 07:06:19,540 - INFO - Loading dataset from selfie2anime...
2024-12-10 07:08:40,277 - INFO - Downloading the dataset from Kaggle...
2024-12-10 07:08:40,985 - INFO - Path to dataset files: /home/codespace/.cache/kagglehub/datasets/arnaud58/selfie2anime/versions/1
2024-12-10 07:08:40,986 - INFO - Copying dataset from /home/codespace/.cache/kagglehub/datasets/arnaud58/selfie2anime/versions/1 to /workspaces/CycleGAN...
2024-12-10 07:08:56,048 - INFO - Dataset copied to current working directory.
2024-12-10 07:08:56,048 - INFO - Loading dataset from selfie2anime...
2024-12-10 07:09:43,381 - INFO - Downloading the dataset from Kaggle...
2024-12-10 07:09:44,679 - ERROR - Failed to download dataset: 404 Client Error.

Resource not found at URL: https://www.kaggle.com/datasets/arnaud58/selfie2anime/versions/1
Please make sure you specified the correct resource identifiers.
2024-12-10 07:11:38,335 - INFO - Downloading the dataset from Kaggle...
2024-12-10 07:11:38,777 - INFO - Path to dataset files: /home/codespace/.cache/kagglehub/datasets/arnaud58/selfie2anime/versions/1
2024-12-10 07:12:51,450 - INFO - Loading dataset from /home/codespace/.cache/kagglehub/datasets/arnaud58/selfie2anime/versions/1...
2024-12-10 07:16:46,252 - INFO - Downloading the dataset from Kaggle...
2024-12-10 07:16:47,078 - INFO - Path to dataset files: /home/codespace/.cache/kagglehub/datasets/arnaud58/selfie2anime/versions/1
2024-12-10 07:16:47,081 - INFO - Loading dataset from /home/codespace/.cache/kagglehub/datasets/arnaud58/selfie2anime/versions/1...
2024-12-10 07:17:31,934 - INFO - Downloading the dataset from Kaggle...
2024-12-10 07:17:32,739 - INFO - Path to dataset files: /home/codespace/.cache/kagglehub/datasets/arnaud58/selfie2anime/versions/1
2024-12-10 07:17:32,742 - INFO - Loading dataset from /home/codespace/.cache/kagglehub/datasets/arnaud58/selfie2anime/versions/1...
2024-12-10 07:18:23,312 - INFO - Downloading the dataset from Kaggle...
2024-12-10 07:18:24,032 - INFO - Path to dataset files: /home/codespace/.cache/kagglehub/datasets/arnaud58/selfie2anime/versions/1
2024-12-10 07:18:24,037 - INFO - Loading dataset from /home/codespace/.cache/kagglehub/datasets/arnaud58/selfie2anime/versions/1...
